<?xml version="1.0" encoding="UTF-8"?>
<testsuite name="org.banco.test.BancoTest" tests="1" skipped="0" failures="1" errors="0" timestamp="2025-11-02T11:01:32.092Z" hostname="B55" time="0.022">
  <properties/>
  <testcase name="testeTransferenciaPixSucesso()" classname="org.banco.test.BancoTest" time="0.022">
    <failure message="org.opentest4j.AssertionFailedError: expected: &lt;2&gt; but was: &lt;3&gt;" type="org.opentest4j.AssertionFailedError">org.opentest4j.AssertionFailedError: expected: &lt;2&gt; but was: &lt;3&gt;
	at app//org.junit.jupiter.api.AssertionFailureBuilder.build(AssertionFailureBuilder.java:151)
	at app//org.junit.jupiter.api.AssertionFailureBuilder.buildAndThrow(AssertionFailureBuilder.java:132)
	at app//org.junit.jupiter.api.AssertEquals.failNotEqual(AssertEquals.java:197)
	at app//org.junit.jupiter.api.AssertEquals.assertEquals(AssertEquals.java:150)
	at app//org.junit.jupiter.api.AssertEquals.assertEquals(AssertEquals.java:145)
	at app//org.junit.jupiter.api.Assertions.assertEquals(Assertions.java:527)
	at app//org.banco.test.BancoTest.testeTransferenciaPixSucesso(BancoTest.java:102)
	at java.base@21.0.8/java.lang.reflect.Method.invoke(Method.java:580)
	at java.base@21.0.8/java.util.ArrayList.forEach(ArrayList.java:1596)
	at java.base@21.0.8/java.util.ArrayList.forEach(ArrayList.java:1596)
</failure>
  </testcase>
  <system-out><![CDATA[]]></system-out>
  <system-err><![CDATA[]]></system-err>
</testsuite>
